<?xml version="1.0" encoding="UTF-8"?>
<coverage generated="1675484020164" clover="3.2.0">
  <project timestamp="1675484020164" name="All files">
    <metrics statements="46" coveredstatements="44" conditionals="12" coveredconditionals="12" methods="11" coveredmethods="11" elements="69" coveredelements="67" complexity="0" loc="46" ncloc="46" packages="6" files="6" classes="6"/>
    <package name="diagonal_difference">
      <metrics statements="11" coveredstatements="11" conditionals="0" coveredconditionals="0" methods="1" coveredmethods="1"/>
      <file name="diagonal_difference.ts" path="/Users/kay-sweebe/Playspace/hacker_rank_questions/src/basic_problem_solving/diagonal_difference/diagonal_difference.ts">
        <metrics statements="11" coveredstatements="11" conditionals="0" coveredconditionals="0" methods="1" coveredmethods="1"/>
        <line num="1" count="1" type="stmt"/>
        <line num="2" count="5" type="stmt"/>
        <line num="3" count="5" type="stmt"/>
        <line num="4" count="5" type="stmt"/>
        <line num="5" count="5" type="stmt"/>
        <line num="7" count="5" type="stmt"/>
        <line num="8" count="15" type="stmt"/>
        <line num="9" count="15" type="stmt"/>
        <line num="10" count="15" type="stmt"/>
        <line num="11" count="15" type="stmt"/>
        <line num="14" count="5" type="stmt"/>
      </file>
    </package>
    <package name="lonely_integer">
      <metrics statements="6" coveredstatements="6" conditionals="1" coveredconditionals="1" methods="2" coveredmethods="2"/>
      <file name="lonely_integer.ts" path="/Users/kay-sweebe/Playspace/hacker_rank_questions/src/basic_problem_solving/lonely_integer/lonely_integer.ts">
        <metrics statements="6" coveredstatements="6" conditionals="1" coveredconditionals="1" methods="2" coveredmethods="2"/>
        <line num="1" count="1" type="stmt"/>
        <line num="2" count="3" type="stmt"/>
        <line num="3" count="3" type="stmt"/>
        <line num="4" count="7" type="cond" truecount="1" falsecount="0"/>
        <line num="5" count="2" type="stmt"/>
        <line num="8" count="3" type="stmt"/>
      </file>
    </package>
    <package name="matching_strings">
      <metrics statements="6" coveredstatements="6" conditionals="1" coveredconditionals="1" methods="3" coveredmethods="3"/>
      <file name="matching_strings.ts" path="/Users/kay-sweebe/Playspace/hacker_rank_questions/src/basic_problem_solving/matching_strings/matching_strings.ts">
        <metrics statements="6" coveredstatements="6" conditionals="1" coveredconditionals="1" methods="3" coveredmethods="3"/>
        <line num="1" count="1" type="stmt"/>
        <line num="3" count="4" type="stmt"/>
        <line num="4" count="9" type="stmt"/>
        <line num="5" count="9" type="stmt"/>
        <line num="6" count="41" type="cond" truecount="1" falsecount="0"/>
        <line num="8" count="9" type="stmt"/>
      </file>
    </package>
    <package name="mini_max_sum">
      <metrics statements="11" coveredstatements="11" conditionals="2" coveredconditionals="2" methods="2" coveredmethods="2"/>
      <file name="mini_max_sum.ts" path="/Users/kay-sweebe/Playspace/hacker_rank_questions/src/basic_problem_solving/mini_max_sum/mini_max_sum.ts">
        <metrics statements="11" coveredstatements="11" conditionals="2" coveredconditionals="2" methods="2" coveredmethods="2"/>
        <line num="1" count="1" type="stmt"/>
        <line num="2" count="3" type="stmt"/>
        <line num="3" count="3" type="stmt"/>
        <line num="4" count="3" type="stmt"/>
        <line num="5" count="3" type="stmt"/>
        <line num="6" count="15" type="cond" truecount="1" falsecount="0"/>
        <line num="7" count="5" type="stmt"/>
        <line num="9" count="15" type="cond" truecount="1" falsecount="0"/>
        <line num="10" count="6" type="stmt"/>
        <line num="12" count="15" type="stmt"/>
        <line num="14" count="3" type="stmt"/>
      </file>
    </package>
    <package name="pangram">
      <metrics statements="5" coveredstatements="5" conditionals="2" coveredconditionals="2" methods="2" coveredmethods="2"/>
      <file name="pangram.ts" path="/Users/kay-sweebe/Playspace/hacker_rank_questions/src/basic_problem_solving/pangram/pangram.ts">
        <metrics statements="5" coveredstatements="5" conditionals="2" coveredconditionals="2" methods="2" coveredmethods="2"/>
        <line num="1" count="1" type="stmt"/>
        <line num="2" count="6" type="stmt"/>
        <line num="3" count="6" type="stmt"/>
        <line num="4" count="167" type="stmt"/>
        <line num="6" count="6" type="cond" truecount="2" falsecount="0"/>
      </file>
    </package>
    <package name="time_conversion">
      <metrics statements="7" coveredstatements="5" conditionals="6" coveredconditionals="6" methods="1" coveredmethods="1"/>
      <file name="time_conversion.ts" path="/Users/kay-sweebe/Playspace/hacker_rank_questions/src/basic_problem_solving/time_conversion/time_conversion.ts">
        <metrics statements="7" coveredstatements="5" conditionals="6" coveredconditionals="6" methods="1" coveredmethods="1"/>
        <line num="1" count="1" type="stmt"/>
        <line num="2" count="6" type="stmt"/>
        <line num="3" count="6" type="cond" truecount="2" falsecount="0"/>
        <line num="5" count="3" type="cond" truecount="2" falsecount="0"/>
        <line num="6" count="0" type="stmt"/>
        <line num="9" count="3" type="cond" truecount="2" falsecount="0"/>
        <line num="10" count="0" type="stmt"/>
      </file>
    </package>
  </project>
</coverage>
