<?xml version="1.0" encoding="UTF-8"?>
<coverage generated="1675480396765" clover="3.2.0">
  <project timestamp="1675480396765" name="All files">
    <metrics statements="7" coveredstatements="5" conditionals="6" coveredconditionals="6" methods="1" coveredmethods="1" elements="14" coveredelements="12" complexity="0" loc="7" ncloc="7" packages="1" files="1" classes="1"/>
    <file name="time_conversion.ts" path="/Users/kay-sweebe/Playspace/hacker_rank_questions/src/basic_problem_solving/time_conversion/time_conversion.ts">
      <metrics statements="7" coveredstatements="5" conditionals="6" coveredconditionals="6" methods="1" coveredmethods="1"/>
      <line num="1" count="1" type="stmt"/>
      <line num="2" count="6" type="stmt"/>
      <line num="3" count="6" type="cond" truecount="2" falsecount="0"/>
      <line num="5" count="3" type="cond" truecount="2" falsecount="0"/>
      <line num="6" count="0" type="stmt"/>
      <line num="9" count="3" type="cond" truecount="2" falsecount="0"/>
      <line num="10" count="0" type="stmt"/>
    </file>
  </project>
</coverage>
