{"/Users/kay-sweebe/Playspace/hacker_rank_questions/src/basic_problem_solving/diagonal_difference/diagonal_difference.ts": {"path":"/Users/kay-sweebe/Playspace/hacker_rank_questions/src/basic_problem_solving/diagonal_difference/diagonal_difference.ts","statementMap":{"0":{"start":{"line":2,"column":20},"end":{"line":2,"column":21}},"1":{"start":{"line":3,"column":21},"end":{"line":3,"column":22}},"2":{"start":{"line":4,"column":12},"end":{"line":4,"column":13}},"3":{"start":{"line":5,"column":12},"end":{"line":5,"column":26}},"4":{"start":{"line":7,"column":4},"end":{"line":12,"column":null}},"5":{"start":{"line":8,"column":8},"end":{"line":8,"column":null}},"6":{"start":{"line":9,"column":8},"end":{"line":9,"column":null}},"7":{"start":{"line":10,"column":8},"end":{"line":10,"column":null}},"8":{"start":{"line":11,"column":8},"end":{"line":11,"column":null}},"9":{"start":{"line":14,"column":4},"end":{"line":14,"column":null}},"10":{"start":{"line":1,"column":0},"end":{"line":1,"column":24}}},"fnMap":{"0":{"name":"diagonalDifference","decl":{"start":{"line":1,"column":24},"end":{"line":1,"column":42}},"loc":{"start":{"line":1,"column":58},"end":{"line":15,"column":1}}}},"branchMap":{},"s":{"0":5,"1":5,"2":5,"3":5,"4":5,"5":15,"6":15,"7":15,"8":15,"9":5,"10":1},"f":{"0":5},"b":{}}
,"/Users/kay-sweebe/Playspace/hacker_rank_questions/src/basic_problem_solving/lonely_integer/lonely_integer.ts": {"path":"/Users/kay-sweebe/Playspace/hacker_rank_questions/src/basic_problem_solving/lonely_integer/lonely_integer.ts","statementMap":{"0":{"start":{"line":2,"column":14},"end":{"line":2,"column":16}},"1":{"start":{"line":3,"column":4},"end":{"line":7,"column":null}},"2":{"start":{"line":4,"column":8},"end":{"line":6,"column":null}},"3":{"start":{"line":5,"column":12},"end":{"line":5,"column":null}},"4":{"start":{"line":8,"column":4},"end":{"line":8,"column":null}},"5":{"start":{"line":1,"column":0},"end":{"line":1,"column":24}}},"fnMap":{"0":{"name":"lonelyInteger","decl":{"start":{"line":1,"column":24},"end":{"line":1,"column":37}},"loc":{"start":{"line":1,"column":49},"end":{"line":9,"column":1}}},"1":{"name":"(anonymous_1)","decl":{"start":{"line":3,"column":14},"end":{"line":3,"column":15}},"loc":{"start":{"line":3,"column":20},"end":{"line":7,"column":5}}}},"branchMap":{"0":{"loc":{"start":{"line":4,"column":8},"end":{"line":6,"column":null}},"type":"if","locations":[{"start":{"line":4,"column":8},"end":{"line":6,"column":null}}]}},"s":{"0":3,"1":3,"2":7,"3":2,"4":3,"5":1},"f":{"0":3,"1":7},"b":{"0":[2]}}
,"/Users/kay-sweebe/Playspace/hacker_rank_questions/src/basic_problem_solving/matching_strings/matching_strings.ts": {"path":"/Users/kay-sweebe/Playspace/hacker_rank_questions/src/basic_problem_solving/matching_strings/matching_strings.ts","statementMap":{"0":{"start":{"line":3,"column":4},"end":{"line":9,"column":null}},"1":{"start":{"line":4,"column":20},"end":{"line":4,"column":21}},"2":{"start":{"line":5,"column":8},"end":{"line":7,"column":null}},"3":{"start":{"line":6,"column":12},"end":{"line":6,"column":null}},"4":{"start":{"line":6,"column":23},"end":{"line":6,"column":null}},"5":{"start":{"line":8,"column":8},"end":{"line":8,"column":null}},"6":{"start":{"line":1,"column":0},"end":{"line":1,"column":24}}},"fnMap":{"0":{"name":"matchingStrings","decl":{"start":{"line":1,"column":24},"end":{"line":1,"column":39}},"loc":{"start":{"line":1,"column":76},"end":{"line":11,"column":1}}},"1":{"name":"(anonymous_1)","decl":{"start":{"line":3,"column":23},"end":{"line":3,"column":24}},"loc":{"start":{"line":3,"column":29},"end":{"line":9,"column":5}}},"2":{"name":"(anonymous_2)","decl":{"start":{"line":5,"column":24},"end":{"line":5,"column":25}},"loc":{"start":{"line":5,"column":30},"end":{"line":7,"column":9}}}},"branchMap":{"0":{"loc":{"start":{"line":6,"column":12},"end":{"line":6,"column":null}},"type":"if","locations":[{"start":{"line":6,"column":12},"end":{"line":6,"column":null}}]}},"s":{"0":4,"1":9,"2":9,"3":41,"4":8,"5":9,"6":1},"f":{"0":4,"1":9,"2":41},"b":{"0":[8]}}
,"/Users/kay-sweebe/Playspace/hacker_rank_questions/src/basic_problem_solving/mini_max_sum/mini_max_sum.ts": {"path":"/Users/kay-sweebe/Playspace/hacker_rank_questions/src/basic_problem_solving/mini_max_sum/mini_max_sum.ts","statementMap":{"0":{"start":{"line":2,"column":14},"end":{"line":2,"column":37}},"1":{"start":{"line":3,"column":14},"end":{"line":3,"column":15}},"2":{"start":{"line":4,"column":14},"end":{"line":4,"column":15}},"3":{"start":{"line":5,"column":4},"end":{"line":13,"column":null}},"4":{"start":{"line":6,"column":8},"end":{"line":8,"column":null}},"5":{"start":{"line":7,"column":12},"end":{"line":7,"column":20}},"6":{"start":{"line":9,"column":8},"end":{"line":11,"column":null}},"7":{"start":{"line":10,"column":12},"end":{"line":10,"column":20}},"8":{"start":{"line":12,"column":8},"end":{"line":12,"column":null}},"9":{"start":{"line":14,"column":4},"end":{"line":14,"column":null}},"10":{"start":{"line":1,"column":0},"end":{"line":1,"column":24}}},"fnMap":{"0":{"name":"miniMaxSum","decl":{"start":{"line":1,"column":24},"end":{"line":1,"column":34}},"loc":{"start":{"line":1,"column":48},"end":{"line":15,"column":1}}},"1":{"name":"(anonymous_1)","decl":{"start":{"line":5,"column":16},"end":{"line":5,"column":17}},"loc":{"start":{"line":5,"column":22},"end":{"line":13,"column":5}}}},"branchMap":{"0":{"loc":{"start":{"line":6,"column":8},"end":{"line":8,"column":null}},"type":"if","locations":[{"start":{"line":6,"column":8},"end":{"line":8,"column":null}}]},"1":{"loc":{"start":{"line":9,"column":8},"end":{"line":11,"column":null}},"type":"if","locations":[{"start":{"line":9,"column":8},"end":{"line":11,"column":null}}]}},"s":{"0":3,"1":3,"2":3,"3":3,"4":15,"5":5,"6":15,"7":6,"8":15,"9":3,"10":1},"f":{"0":3,"1":15},"b":{"0":[5],"1":[6]}}
,"/Users/kay-sweebe/Playspace/hacker_rank_questions/src/basic_problem_solving/pangram/pangram.ts": {"path":"/Users/kay-sweebe/Playspace/hacker_rank_questions/src/basic_problem_solving/pangram/pangram.ts","statementMap":{"0":{"start":{"line":2,"column":35},"end":{"line":2,"column":52}},"1":{"start":{"line":3,"column":4},"end":{"line":5,"column":null}},"2":{"start":{"line":4,"column":8},"end":{"line":4,"column":null}},"3":{"start":{"line":6,"column":4},"end":{"line":6,"column":null}},"4":{"start":{"line":1,"column":0},"end":{"line":1,"column":24}}},"fnMap":{"0":{"name":"pangrams","decl":{"start":{"line":1,"column":24},"end":{"line":1,"column":32}},"loc":{"start":{"line":1,"column":42},"end":{"line":8,"column":1}}},"1":{"name":"(anonymous_1)","decl":{"start":{"line":3,"column":38},"end":{"line":3,"column":39}},"loc":{"start":{"line":3,"column":49},"end":{"line":5,"column":5}}}},"branchMap":{"0":{"loc":{"start":{"line":6,"column":11},"end":{"line":6,"column":69}},"type":"cond-expr","locations":[{"start":{"line":6,"column":44},"end":{"line":6,"column":57}},{"start":{"line":6,"column":60},"end":{"line":6,"column":69}}]}},"s":{"0":6,"1":6,"2":167,"3":6,"4":1},"f":{"0":6,"1":167},"b":{"0":[3,3]}}
,"/Users/kay-sweebe/Playspace/hacker_rank_questions/src/basic_problem_solving/time_conversion/time_conversion.ts": {"path":"/Users/kay-sweebe/Playspace/hacker_rank_questions/src/basic_problem_solving/time_conversion/time_conversion.ts","statementMap":{"0":{"start":{"line":2,"column":22},"end":{"line":2,"column":34}},"1":{"start":{"line":3,"column":4},"end":{"line":13,"column":null}},"2":{"start":{"line":5,"column":12},"end":{"line":5,"column":null}},"3":{"start":{"line":6,"column":12},"end":{"line":6,"column":17}},"4":{"start":{"line":9,"column":12},"end":{"line":9,"column":null}},"5":{"start":{"line":10,"column":12},"end":{"line":10,"column":17}},"6":{"start":{"line":1,"column":0},"end":{"line":1,"column":24}}},"fnMap":{"0":{"name":"timeConversion","decl":{"start":{"line":1,"column":24},"end":{"line":1,"column":38}},"loc":{"start":{"line":1,"column":48},"end":{"line":14,"column":1}}}},"branchMap":{"0":{"loc":{"start":{"line":3,"column":4},"end":{"line":13,"column":null}},"type":"switch","locations":[{"start":{"line":4,"column":8},"end":{"line":7,"column":null}},{"start":{"line":8,"column":8},"end":{"line":11,"column":null}}]},"1":{"loc":{"start":{"line":5,"column":19},"end":{"line":5,"column":75}},"type":"cond-expr","locations":[{"start":{"line":5,"column":39},"end":{"line":5,"column":59}},{"start":{"line":5,"column":62},"end":{"line":5,"column":75}}]},"2":{"loc":{"start":{"line":9,"column":19},"end":{"line":9,"column":97}},"type":"cond-expr","locations":[{"start":{"line":9,"column":39},"end":{"line":9,"column":52}},{"start":{"line":9,"column":55},"end":{"line":9,"column":97}}]}},"s":{"0":6,"1":6,"2":3,"3":0,"4":3,"5":0,"6":1},"f":{"0":6},"b":{"0":[3,3],"1":[2,1],"2":[1,2]}}
}
