{"/Users/kay-sweebe/Playspace/hacker_rank_questions/src/basic_problem_solving/time_conversion/time_conversion.ts": {"path":"/Users/kay-sweebe/Playspace/hacker_rank_questions/src/basic_problem_solving/time_conversion/time_conversion.ts","statementMap":{"0":{"start":{"line":2,"column":22},"end":{"line":2,"column":34}},"1":{"start":{"line":3,"column":4},"end":{"line":13,"column":null}},"2":{"start":{"line":5,"column":12},"end":{"line":5,"column":null}},"3":{"start":{"line":6,"column":12},"end":{"line":6,"column":18}},"4":{"start":{"line":9,"column":12},"end":{"line":9,"column":null}},"5":{"start":{"line":10,"column":12},"end":{"line":10,"column":18}},"6":{"start":{"line":1,"column":0},"end":{"line":1,"column":24}}},"fnMap":{"0":{"name":"timeConversion","decl":{"start":{"line":1,"column":24},"end":{"line":1,"column":38}},"loc":{"start":{"line":1,"column":48},"end":{"line":14,"column":1}}}},"branchMap":{"0":{"loc":{"start":{"line":3,"column":4},"end":{"line":13,"column":null}},"type":"switch","locations":[{"start":{"line":4,"column":8},"end":{"line":7,"column":null}},{"start":{"line":8,"column":8},"end":{"line":11,"column":null}}]},"1":{"loc":{"start":{"line":5,"column":19},"end":{"line":5,"column":75}},"type":"cond-expr","locations":[{"start":{"line":5,"column":39},"end":{"line":5,"column":59}},{"start":{"line":5,"column":62},"end":{"line":5,"column":75}}]},"2":{"loc":{"start":{"line":9,"column":19},"end":{"line":9,"column":97}},"type":"cond-expr","locations":[{"start":{"line":9,"column":39},"end":{"line":9,"column":52}},{"start":{"line":9,"column":55},"end":{"line":9,"column":97}}]}},"s":{"0":6,"1":6,"2":3,"3":0,"4":3,"5":0,"6":1},"f":{"0":6},"b":{"0":[3,3],"1":[2,1],"2":[1,2]}}
}
