TN:
SF:src/basic_problem_solving/diagonal_difference/diagonal_difference.ts
FN:1,diagonalDifference
FNF:1
FNH:1
FNDA:5,diagonalDifference
DA:1,1
DA:2,5
DA:3,5
DA:4,5
DA:5,5
DA:7,5
DA:8,15
DA:9,15
DA:10,15
DA:11,15
DA:14,5
LF:11
LH:11
BRF:0
BRH:0
end_of_record
TN:
SF:src/basic_problem_solving/lonely_integer/lonely_integer.ts
FN:1,lonelyInteger
FN:3,(anonymous_1)
FNF:2
FNH:2
FNDA:3,lonelyInteger
FNDA:7,(anonymous_1)
DA:1,1
DA:2,3
DA:3,3
DA:4,7
DA:5,2
DA:8,3
LF:6
LH:6
BRDA:4,0,0,2
BRF:1
BRH:1
end_of_record
TN:
SF:src/basic_problem_solving/matching_strings/matching_strings.ts
FN:1,matchingStrings
FN:3,(anonymous_1)
FN:5,(anonymous_2)
FNF:3
FNH:3
FNDA:4,matchingStrings
FNDA:9,(anonymous_1)
FNDA:41,(anonymous_2)
DA:1,1
DA:3,4
DA:4,9
DA:5,9
DA:6,41
DA:8,9
LF:6
LH:6
BRDA:6,0,0,8
BRF:1
BRH:1
end_of_record
TN:
SF:src/basic_problem_solving/mini_max_sum/mini_max_sum.ts
FN:1,miniMaxSum
FN:5,(anonymous_1)
FNF:2
FNH:2
FNDA:3,miniMaxSum
FNDA:15,(anonymous_1)
DA:1,1
DA:2,3
DA:3,3
DA:4,3
DA:5,3
DA:6,15
DA:7,5
DA:9,15
DA:10,6
DA:12,15
DA:14,3
LF:11
LH:11
BRDA:6,0,0,5
BRDA:9,1,0,6
BRF:2
BRH:2
end_of_record
TN:
SF:src/basic_problem_solving/pangram/pangram.ts
FN:1,pangrams
FN:3,(anonymous_1)
FNF:2
FNH:2
FNDA:6,pangrams
FNDA:167,(anonymous_1)
DA:1,1
DA:2,6
DA:3,6
DA:4,167
DA:6,6
LF:5
LH:5
BRDA:6,0,0,3
BRDA:6,0,1,3
BRF:2
BRH:2
end_of_record
TN:
SF:src/basic_problem_solving/time_conversion/time_conversion.ts
FN:1,timeConversion
FNF:1
FNH:1
FNDA:6,timeConversion
DA:1,1
DA:2,6
DA:3,6
DA:5,3
DA:6,0
DA:9,3
DA:10,0
LF:7
LH:5
BRDA:3,0,0,3
BRDA:3,0,1,3
BRDA:5,1,0,2
BRDA:5,1,1,1
BRDA:9,2,0,1
BRDA:9,2,1,2
BRF:6
BRH:6
end_of_record
